  DLLMain.cpp
C:\Users\andyj\source\repos\Experimental-CSGO-cheat\src\SDK\Vector.h(124,11): warning C4244: '=': conversion from 'double' to 'float', possible loss of data
  (compiling source file 'src/DLLMain.cpp')
  
C:\Users\andyj\source\repos\Experimental-CSGO-cheat\src\SDK\Vector.h(126,54): warning C4244: 'argument': conversion from 'double' to 'float', possible loss of data
  (compiling source file 'src/DLLMain.cpp')
  
C:\Users\andyj\source\repos\Experimental-CSGO-cheat\src\SDK\Vector.h(126,17): warning C4244: 'argument': conversion from 'double' to 'float', possible loss of data
  (compiling source file 'src/DLLMain.cpp')
  
C:\Users\andyj\source\repos\Experimental-CSGO-cheat\src\Utils\Utils.h(32,28): warning C4311: 'type cast': pointer truncation from 'HMODULE' to 'DWORD'
  (compiling source file 'src/DLLMain.cpp')
  
C:\Users\andyj\source\repos\Experimental-CSGO-cheat\src\Utils\Utils.h(32,28): warning C4302: 'type cast': truncation from 'HMODULE' to 'DWORD'
  (compiling source file 'src/DLLMain.cpp')
  
C:\Users\andyj\source\repos\Experimental-CSGO-cheat\src\Utils\Utils.h(34,51): warning C4312: 'type cast': conversion from 'DWORD' to 'HMODULE' of greater size
  (compiling source file 'src/DLLMain.cpp')
  
C:\Users\andyj\source\repos\Experimental-CSGO-cheat\src\Utils\Utils.h(41,41): warning C4312: 'type cast': conversion from 'DWORD' to 'BYTE *' of greater size
  (compiling source file 'src/DLLMain.cpp')
  
C:\Users\andyj\source\repos\Experimental-CSGO-cheat\src\Utils\Utils.h(67,39): warning C4311: 'reinterpret_cast': pointer truncation from 'HMODULE' to 'unsigned int'
  (compiling source file 'src/DLLMain.cpp')
  
C:\Users\andyj\source\repos\Experimental-CSGO-cheat\src\Utils\Utils.h(67,39): warning C4302: 'reinterpret_cast': truncation from 'HMODULE' to 'unsigned int'
  (compiling source file 'src/DLLMain.cpp')
  
C:\Users\andyj\source\repos\Experimental-CSGO-cheat\src\Utils\Utils.h(71,45): warning C4312: 'reinterpret_cast': conversion from 'const unsigned int' to 'HMODULE' of greater size
  (compiling source file 'src/DLLMain.cpp')
  
C:\Users\andyj\source\repos\Experimental-CSGO-cheat\src\Utils\Utils.h(86,22): warning C4312: 'reinterpret_cast': conversion from 'unsigned int' to 'unsigned char *' of greater size
  (compiling source file 'src/DLLMain.cpp')
  
C:\Users\andyj\source\repos\Experimental-CSGO-cheat\src\SDK\CEntity.h(356,26): warning C4311: 'type cast': pointer truncation from 'C_BaseEntity *' to 'DWORD'
  (compiling source file 'src/DLLMain.cpp')
  
C:\Users\andyj\source\repos\Experimental-CSGO-cheat\src\SDK\CEntity.h(356,26): warning C4302: 'type cast': truncation from 'C_BaseEntity *' to 'DWORD'
  (compiling source file 'src/DLLMain.cpp')
  
C:\Users\andyj\source\repos\Experimental-CSGO-cheat\src\SDK\CEntity.h(356,10): warning C4312: 'type cast': conversion from 'DWORD' to 'ICollideable *' of greater size
  (compiling source file 'src/DLLMain.cpp')
  
C:\Users\andyj\source\repos\Experimental-CSGO-cheat\src\SDK\CEntity.h(441,35): warning C4312: 'type cast': conversion from 'DWORD' to 'OriginalFn' of greater size
  (compiling source file 'src/DLLMain.cpp')
  
C:\Users\andyj\source\repos\Experimental-CSGO-cheat\src\SDK\ISurface.h(254,35): warning C4267: 'argument': conversion from 'size_t' to 'int', possible loss of data
  (compiling source file 'src/DLLMain.cpp')
  
C:\Users\andyj\source\repos\Experimental-CSGO-cheat\src\DLLMain.cpp(16,35): warning C4101: 'err': unreferenced local variable
  Aimbot.cpp
C:\Users\andyj\source\repos\Experimental-CSGO-cheat\src\SDK\Vector.h(124,11): warning C4244: '=': conversion from 'double' to 'float', possible loss of data
  (compiling source file 'src/features/aimbot/Aimbot.cpp')
  
C:\Users\andyj\source\repos\Experimental-CSGO-cheat\src\SDK\Vector.h(126,54): warning C4244: 'argument': conversion from 'double' to 'float', possible loss of data
  (compiling source file 'src/features/aimbot/Aimbot.cpp')
  
C:\Users\andyj\source\repos\Experimental-CSGO-cheat\src\SDK\Vector.h(126,17): warning C4244: 'argument': conversion from 'double' to 'float', possible loss of data
  (compiling source file 'src/features/aimbot/Aimbot.cpp')
  
C:\Users\andyj\source\repos\Experimental-CSGO-cheat\src\Utils\Utils.h(32,28): warning C4311: 'type cast': pointer truncation from 'HMODULE' to 'DWORD'
  (compiling source file 'src/features/aimbot/Aimbot.cpp')
  
C:\Users\andyj\source\repos\Experimental-CSGO-cheat\src\Utils\Utils.h(32,28): warning C4302: 'type cast': truncation from 'HMODULE' to 'DWORD'
  (compiling source file 'src/features/aimbot/Aimbot.cpp')
  
C:\Users\andyj\source\repos\Experimental-CSGO-cheat\src\Utils\Utils.h(34,51): warning C4312: 'type cast': conversion from 'DWORD' to 'HMODULE' of greater size
  (compiling source file 'src/features/aimbot/Aimbot.cpp')
  
C:\Users\andyj\source\repos\Experimental-CSGO-cheat\src\Utils\Utils.h(41,41): warning C4312: 'type cast': conversion from 'DWORD' to 'BYTE *' of greater size
  (compiling source file 'src/features/aimbot/Aimbot.cpp')
  
C:\Users\andyj\source\repos\Experimental-CSGO-cheat\src\Utils\Utils.h(67,39): warning C4311: 'reinterpret_cast': pointer truncation from 'HMODULE' to 'unsigned int'
  (compiling source file 'src/features/aimbot/Aimbot.cpp')
  
C:\Users\andyj\source\repos\Experimental-CSGO-cheat\src\Utils\Utils.h(67,39): warning C4302: 'reinterpret_cast': truncation from 'HMODULE' to 'unsigned int'
  (compiling source file 'src/features/aimbot/Aimbot.cpp')
  
C:\Users\andyj\source\repos\Experimental-CSGO-cheat\src\Utils\Utils.h(71,45): warning C4312: 'reinterpret_cast': conversion from 'const unsigned int' to 'HMODULE' of greater size
  (compiling source file 'src/features/aimbot/Aimbot.cpp')
  
C:\Users\andyj\source\repos\Experimental-CSGO-cheat\src\Utils\Utils.h(86,22): warning C4312: 'reinterpret_cast': conversion from 'unsigned int' to 'unsigned char *' of greater size
  (compiling source file 'src/features/aimbot/Aimbot.cpp')
  
C:\Users\andyj\source\repos\Experimental-CSGO-cheat\src\SDK\CEntity.h(356,26): warning C4311: 'type cast': pointer truncation from 'C_BaseEntity *' to 'DWORD'
  (compiling source file 'src/features/aimbot/Aimbot.cpp')
  
C:\Users\andyj\source\repos\Experimental-CSGO-cheat\src\SDK\CEntity.h(356,26): warning C4302: 'type cast': truncation from 'C_BaseEntity *' to 'DWORD'
  (compiling source file 'src/features/aimbot/Aimbot.cpp')
  
C:\Users\andyj\source\repos\Experimental-CSGO-cheat\src\SDK\CEntity.h(356,10): warning C4312: 'type cast': conversion from 'DWORD' to 'ICollideable *' of greater size
  (compiling source file 'src/features/aimbot/Aimbot.cpp')
  
C:\Users\andyj\source\repos\Experimental-CSGO-cheat\src\SDK\CEntity.h(441,35): warning C4312: 'type cast': conversion from 'DWORD' to 'OriginalFn' of greater size
  (compiling source file 'src/features/aimbot/Aimbot.cpp')
  
C:\Users\andyj\source\repos\Experimental-CSGO-cheat\src\features\aimbot\Aimbot.cpp(48,20): warning C4244: 'initializing': conversion from 'double' to 'float', possible loss of data
C:\Users\andyj\source\repos\Experimental-CSGO-cheat\src\features\aimbot\Aimbot.cpp(50,11): warning C4244: 'initializing': conversion from 'double' to 'float', possible loss of data
C:\Users\andyj\source\repos\Experimental-CSGO-cheat\src\features\aimbot\Aimbot.cpp(63,27): warning C4244: 'initializing': conversion from 'float' to 'int', possible loss of data
C:\Users\andyj\source\repos\Experimental-CSGO-cheat\src\features\aimbot\Aimbot.cpp(72,52): warning C4305: 'argument': truncation from 'double' to 'float'
C:\Users\andyj\source\repos\Experimental-CSGO-cheat\src\features\aimbot\Aimbot.cpp(72,108): warning C4305: 'argument': truncation from 'double' to 'float'
C:\Users\andyj\source\repos\Experimental-CSGO-cheat\src\features\aimbot\Aimbot.cpp(72,159): warning C4305: 'argument': truncation from 'double' to 'float'
C:\Users\andyj\source\repos\Experimental-CSGO-cheat\src\features\aimbot\Aimbot.cpp(72,215): warning C4305: 'argument': truncation from 'double' to 'float'
C:\Users\andyj\source\repos\Experimental-CSGO-cheat\src\features\aimbot\Aimbot.cpp(284,27): warning C4244: '=': conversion from 'float' to 'int', possible loss of data
C:\Users\andyj\source\repos\Experimental-CSGO-cheat\src\features\aimbot\Aimbot.cpp(290,16): warning C4244: '=': conversion from 'float' to 'int', possible loss of data
C:\Users\andyj\source\repos\Experimental-CSGO-cheat\src\features\aimbot\Aimbot.cpp(305,26): warning C4244: '=': conversion from 'float' to 'int', possible loss of data
C:\Program Files\Microsoft Visual Studio\2022\Community\VC\Tools\MSVC\14.38.33130\include\filesystem(12): warning STL4038: The contents of <filesystem> are available only with C++17 or later.
  Autowall.cpp
C:\Users\andyj\source\repos\Experimental-CSGO-cheat\src\SDK\Vector.h(124,11): warning C4244: '=': conversion from 'double' to 'float', possible loss of data
  (compiling source file 'src/features/aimbot/Autowall.cpp')
  
C:\Users\andyj\source\repos\Experimental-CSGO-cheat\src\SDK\Vector.h(126,54): warning C4244: 'argument': conversion from 'double' to 'float', possible loss of data
  (compiling source file 'src/features/aimbot/Autowall.cpp')
  
C:\Users\andyj\source\repos\Experimental-CSGO-cheat\src\SDK\Vector.h(126,17): warning C4244: 'argument': conversion from 'double' to 'float', possible loss of data
  (compiling source file 'src/features/aimbot/Autowall.cpp')
  
C:\Users\andyj\source\repos\Experimental-CSGO-cheat\src\Utils\Utils.h(32,28): warning C4311: 'type cast': pointer truncation from 'HMODULE' to 'DWORD'
  (compiling source file 'src/features/aimbot/Autowall.cpp')
  
C:\Users\andyj\source\repos\Experimental-CSGO-cheat\src\Utils\Utils.h(32,28): warning C4302: 'type cast': truncation from 'HMODULE' to 'DWORD'
  (compiling source file 'src/features/aimbot/Autowall.cpp')
  
C:\Users\andyj\source\repos\Experimental-CSGO-cheat\src\Utils\Utils.h(34,51): warning C4312: 'type cast': conversion from 'DWORD' to 'HMODULE' of greater size
  (compiling source file 'src/features/aimbot/Autowall.cpp')
  
C:\Users\andyj\source\repos\Experimental-CSGO-cheat\src\Utils\Utils.h(41,41): warning C4312: 'type cast': conversion from 'DWORD' to 'BYTE *' of greater size
  (compiling source file 'src/features/aimbot/Autowall.cpp')
  
C:\Users\andyj\source\repos\Experimental-CSGO-cheat\src\Utils\Utils.h(67,39): warning C4311: 'reinterpret_cast': pointer truncation from 'HMODULE' to 'unsigned int'
  (compiling source file 'src/features/aimbot/Autowall.cpp')
  
C:\Users\andyj\source\repos\Experimental-CSGO-cheat\src\Utils\Utils.h(67,39): warning C4302: 'reinterpret_cast': truncation from 'HMODULE' to 'unsigned int'
  (compiling source file 'src/features/aimbot/Autowall.cpp')
  
C:\Users\andyj\source\repos\Experimental-CSGO-cheat\src\Utils\Utils.h(71,45): warning C4312: 'reinterpret_cast': conversion from 'const unsigned int' to 'HMODULE' of greater size
  (compiling source file 'src/features/aimbot/Autowall.cpp')
  
C:\Users\andyj\source\repos\Experimental-CSGO-cheat\src\Utils\Utils.h(86,22): warning C4312: 'reinterpret_cast': conversion from 'unsigned int' to 'unsigned char *' of greater size
  (compiling source file 'src/features/aimbot/Autowall.cpp')
  
C:\Users\andyj\source\repos\Experimental-CSGO-cheat\src\SDK\CEntity.h(356,26): warning C4311: 'type cast': pointer truncation from 'C_BaseEntity *' to 'DWORD'
  (compiling source file 'src/features/aimbot/Autowall.cpp')
  
C:\Users\andyj\source\repos\Experimental-CSGO-cheat\src\SDK\CEntity.h(356,26): warning C4302: 'type cast': truncation from 'C_BaseEntity *' to 'DWORD'
  (compiling source file 'src/features/aimbot/Autowall.cpp')
  
C:\Users\andyj\source\repos\Experimental-CSGO-cheat\src\SDK\CEntity.h(356,10): warning C4312: 'type cast': conversion from 'DWORD' to 'ICollideable *' of greater size
  (compiling source file 'src/features/aimbot/Autowall.cpp')
  
C:\Users\andyj\source\repos\Experimental-CSGO-cheat\src\SDK\CEntity.h(441,35): warning C4312: 'type cast': conversion from 'DWORD' to 'OriginalFn' of greater size
  (compiling source file 'src/features/aimbot/Autowall.cpp')
  
C:\Users\andyj\source\repos\Experimental-CSGO-cheat\src\features\aimbot\Autowall.cpp(77,2): error C4235: nonstandard extension used: '__asm' keyword not supported on this architecture
C:\Users\andyj\source\repos\Experimental-CSGO-cheat\src\features\aimbot\Autowall.cpp(79,3): error C2065: 'MOV': undeclared identifier
C:\Users\andyj\source\repos\Experimental-CSGO-cheat\src\features\aimbot\Autowall.cpp(79,8): error C2146: syntax error: missing ';' before identifier 'EAX'
C:\Users\andyj\source\repos\Experimental-CSGO-cheat\src\features\aimbot\Autowall.cpp(79,8): error C2065: 'EAX': undeclared identifier
C:\Users\andyj\source\repos\Experimental-CSGO-cheat\src\features\aimbot\Autowall.cpp(80,3): error C2146: syntax error: missing ';' before identifier 'LEA'
C:\Users\andyj\source\repos\Experimental-CSGO-cheat\src\features\aimbot\Autowall.cpp(80,3): error C2065: 'LEA': undeclared identifier
C:\Users\andyj\source\repos\Experimental-CSGO-cheat\src\features\aimbot\Autowall.cpp(80,8): error C2146: syntax error: missing ';' before identifier 'ECX'
C:\Users\andyj\source\repos\Experimental-CSGO-cheat\src\features\aimbot\Autowall.cpp(80,8): error C2065: 'ECX': undeclared identifier
C:\Users\andyj\source\repos\Experimental-CSGO-cheat\src\features\aimbot\Autowall.cpp(81,3): error C2146: syntax error: missing ';' before identifier 'PUSH'
C:\Users\andyj\source\repos\Experimental-CSGO-cheat\src\features\aimbot\Autowall.cpp(81,3): error C2065: 'PUSH': undeclared identifier
C:\Users\andyj\source\repos\Experimental-CSGO-cheat\src\features\aimbot\Autowall.cpp(81,8): error C2146: syntax error: missing ';' before identifier 'ECX'
C:\Users\andyj\source\repos\Experimental-CSGO-cheat\src\features\aimbot\Autowall.cpp(81,8): error C2065: 'ECX': undeclared identifier
C:\Users\andyj\source\repos\Experimental-CSGO-cheat\src\features\aimbot\Autowall.cpp(82,3): error C2146: syntax error: missing ';' before identifier 'PUSH'
C:\Users\andyj\source\repos\Experimental-CSGO-cheat\src\features\aimbot\Autowall.cpp(82,3): error C2065: 'PUSH': undeclared identifier
C:\Users\andyj\source\repos\Experimental-CSGO-cheat\src\features\aimbot\Autowall.cpp(82,8): error C2146: syntax error: missing ';' before identifier 'EAX'
C:\Users\andyj\source\repos\Experimental-CSGO-cheat\src\features\aimbot\Autowall.cpp(82,8): error C2065: 'EAX': undeclared identifier
C:\Users\andyj\source\repos\Experimental-CSGO-cheat\src\features\aimbot\Autowall.cpp(83,3): error C2146: syntax error: missing ';' before identifier 'PUSH'
C:\Users\andyj\source\repos\Experimental-CSGO-cheat\src\features\aimbot\Autowall.cpp(83,3): error C2065: 'PUSH': undeclared identifier
C:\Users\andyj\source\repos\Experimental-CSGO-cheat\src\features\aimbot\Autowall.cpp(83,8): error C2146: syntax error: missing ';' before identifier 'mask'
C:\Users\andyj\source\repos\Experimental-CSGO-cheat\src\features\aimbot\Autowall.cpp(84,3): error C2146: syntax error: missing ';' before identifier 'LEA'
C:\Users\andyj\source\repos\Experimental-CSGO-cheat\src\features\aimbot\Autowall.cpp(84,3): error C2065: 'LEA': undeclared identifier
C:\Users\andyj\source\repos\Experimental-CSGO-cheat\src\features\aimbot\Autowall.cpp(84,8): error C2146: syntax error: missing ';' before identifier 'EDX'
C:\Users\andyj\source\repos\Experimental-CSGO-cheat\src\features\aimbot\Autowall.cpp(84,8): error C2065: 'EDX': undeclared identifier
C:\Users\andyj\source\repos\Experimental-CSGO-cheat\src\features\aimbot\Autowall.cpp(85,3): error C2146: syntax error: missing ';' before identifier 'LEA'
C:\Users\andyj\source\repos\Experimental-CSGO-cheat\src\features\aimbot\Autowall.cpp(85,3): error C2065: 'LEA': undeclared identifier
C:\Users\andyj\source\repos\Experimental-CSGO-cheat\src\features\aimbot\Autowall.cpp(85,8): error C2146: syntax error: missing ';' before identifier 'ECX'
C:\Users\andyj\source\repos\Experimental-CSGO-cheat\src\features\aimbot\Autowall.cpp(85,8): error C2065: 'ECX': undeclared identifier
C:\Users\andyj\source\repos\Experimental-CSGO-cheat\src\features\aimbot\Autowall.cpp(86,3): error C2146: syntax error: missing ';' before identifier 'CALL'
C:\Users\andyj\source\repos\Experimental-CSGO-cheat\src\features\aimbot\Autowall.cpp(86,3): error C2065: 'CALL': undeclared identifier
C:\Users\andyj\source\repos\Experimental-CSGO-cheat\src\features\aimbot\Autowall.cpp(86,8): error C2146: syntax error: missing ';' before identifier 'dwAddress'
C:\Users\andyj\source\repos\Experimental-CSGO-cheat\src\features\aimbot\Autowall.cpp(87,3): error C2146: syntax error: missing ';' before identifier 'ADD'
C:\Users\andyj\source\repos\Experimental-CSGO-cheat\src\features\aimbot\Autowall.cpp(87,3): error C2065: 'ADD': undeclared identifier
C:\Users\andyj\source\repos\Experimental-CSGO-cheat\src\features\aimbot\Autowall.cpp(87,8): error C2146: syntax error: missing ';' before identifier 'ESP'
C:\Users\andyj\source\repos\Experimental-CSGO-cheat\src\features\aimbot\Autowall.cpp(87,8): error C2065: 'ESP': undeclared identifier
C:\Users\andyj\source\repos\Experimental-CSGO-cheat\src\features\aimbot\Autowall.cpp(88,2): error C2143: syntax error: missing ';' before '}'
C:\Users\andyj\source\repos\Experimental-CSGO-cheat\src\features\aimbot\Autowall.cpp(108,30): warning C4244: '*=': conversion from 'double' to 'float', possible loss of data
C:\Users\andyj\source\repos\Experimental-CSGO-cheat\src\features\aimbot\Autowall.cpp(135,28): warning C4244: '*=': conversion from 'double' to 'float', possible loss of data
  EnginePrediction.cpp
C:\Users\andyj\source\repos\Experimental-CSGO-cheat\src\SDK\Vector.h(124,11): warning C4244: '=': conversion from 'double' to 'float', possible loss of data
  (compiling source file 'src/features/aimbot/EnginePrediction.cpp')
  
C:\Users\andyj\source\repos\Experimental-CSGO-cheat\src\SDK\Vector.h(126,54): warning C4244: 'argument': conversion from 'double' to 'float', possible loss of data
  (compiling source file 'src/features/aimbot/EnginePrediction.cpp')
  
C:\Users\andyj\source\repos\Experimental-CSGO-cheat\src\SDK\Vector.h(126,17): warning C4244: 'argument': conversion from 'double' to 'float', possible loss of data
  (compiling source file 'src/features/aimbot/EnginePrediction.cpp')
  
C:\Users\andyj\source\repos\Experimental-CSGO-cheat\src\Utils\Utils.h(32,28): warning C4311: 'type cast': pointer truncation from 'HMODULE' to 'DWORD'
  (compiling source file 'src/features/aimbot/EnginePrediction.cpp')
  
C:\Users\andyj\source\repos\Experimental-CSGO-cheat\src\Utils\Utils.h(32,28): warning C4302: 'type cast': truncation from 'HMODULE' to 'DWORD'
  (compiling source file 'src/features/aimbot/EnginePrediction.cpp')
  
C:\Users\andyj\source\repos\Experimental-CSGO-cheat\src\Utils\Utils.h(34,51): warning C4312: 'type cast': conversion from 'DWORD' to 'HMODULE' of greater size
  (compiling source file 'src/features/aimbot/EnginePrediction.cpp')
  
C:\Users\andyj\source\repos\Experimental-CSGO-cheat\src\Utils\Utils.h(41,41): warning C4312: 'type cast': conversion from 'DWORD' to 'BYTE *' of greater size
  (compiling source file 'src/features/aimbot/EnginePrediction.cpp')
  
C:\Users\andyj\source\repos\Experimental-CSGO-cheat\src\Utils\Utils.h(67,39): warning C4311: 'reinterpret_cast': pointer truncation from 'HMODULE' to 'unsigned int'
  (compiling source file 'src/features/aimbot/EnginePrediction.cpp')
  
C:\Users\andyj\source\repos\Experimental-CSGO-cheat\src\Utils\Utils.h(67,39): warning C4302: 'reinterpret_cast': truncation from 'HMODULE' to 'unsigned int'
  (compiling source file 'src/features/aimbot/EnginePrediction.cpp')
  
C:\Users\andyj\source\repos\Experimental-CSGO-cheat\src\Utils\Utils.h(71,45): warning C4312: 'reinterpret_cast': conversion from 'const unsigned int' to 'HMODULE' of greater size
  (compiling source file 'src/features/aimbot/EnginePrediction.cpp')
  
C:\Users\andyj\source\repos\Experimental-CSGO-cheat\src\Utils\Utils.h(86,22): warning C4312: 'reinterpret_cast': conversion from 'unsigned int' to 'unsigned char *' of greater size
  (compiling source file 'src/features/aimbot/EnginePrediction.cpp')
  
C:\Users\andyj\source\repos\Experimental-CSGO-cheat\src\SDK\CEntity.h(356,26): warning C4311: 'type cast': pointer truncation from 'C_BaseEntity *' to 'DWORD'
  (compiling source file 'src/features/aimbot/EnginePrediction.cpp')
  
C:\Users\andyj\source\repos\Experimental-CSGO-cheat\src\SDK\CEntity.h(356,26): warning C4302: 'type cast': truncation from 'C_BaseEntity *' to 'DWORD'
  (compiling source file 'src/features/aimbot/EnginePrediction.cpp')
  
C:\Users\andyj\source\repos\Experimental-CSGO-cheat\src\SDK\CEntity.h(356,10): warning C4312: 'type cast': conversion from 'DWORD' to 'ICollideable *' of greater size
  (compiling source file 'src/features/aimbot/EnginePrediction.cpp')
  
C:\Users\andyj\source\repos\Experimental-CSGO-cheat\src\SDK\CEntity.h(441,35): warning C4312: 'type cast': conversion from 'DWORD' to 'OriginalFn' of greater size
  (compiling source file 'src/features/aimbot/EnginePrediction.cpp')
  
C:\Program Files\Microsoft Visual Studio\2022\Community\VC\Tools\MSVC\14.38.33130\include\filesystem(12): warning STL4038: The contents of <filesystem> are available only with C++17 or later.
C:\Users\andyj\source\repos\Experimental-CSGO-cheat\src\features\aimbot\EnginePrediction.cpp(33,37): warning C4244: '=': conversion from 'uintptr_t' to 'int', possible loss of data
C:\Users\andyj\source\repos\Experimental-CSGO-cheat\src\features\aimbot\EnginePrediction.cpp(35,31): warning C4311: 'reinterpret_cast': pointer truncation from 'C_BaseEntity *' to 'uint32_t'
C:\Users\andyj\source\repos\Experimental-CSGO-cheat\src\features\aimbot\EnginePrediction.cpp(35,31): warning C4302: 'reinterpret_cast': truncation from 'C_BaseEntity *' to 'uint32_t'
C:\Users\andyj\source\repos\Experimental-CSGO-cheat\src\features\aimbot\EnginePrediction.cpp(35,3): warning C4312: 'reinterpret_cast': conversion from 'uint32_t' to 'uint32_t *' of greater size
C:\Users\andyj\source\repos\Experimental-CSGO-cheat\src\features\aimbot\EnginePrediction.cpp(35,87): warning C4311: 'reinterpret_cast': pointer truncation from 'CUserCmd *' to 'uint32_t'
C:\Users\andyj\source\repos\Experimental-CSGO-cheat\src\features\aimbot\EnginePrediction.cpp(35,87): warning C4302: 'reinterpret_cast': truncation from 'CUserCmd *' to 'uint32_t'
C:\Users\andyj\source\repos\Experimental-CSGO-cheat\src\features\aimbot\EnginePrediction.cpp(36,31): warning C4311: 'reinterpret_cast': pointer truncation from 'C_BaseEntity *' to 'uint32_t'
C:\Users\andyj\source\repos\Experimental-CSGO-cheat\src\features\aimbot\EnginePrediction.cpp(36,31): warning C4302: 'reinterpret_cast': truncation from 'C_BaseEntity *' to 'uint32_t'
C:\Users\andyj\source\repos\Experimental-CSGO-cheat\src\features\aimbot\EnginePrediction.cpp(36,3): warning C4312: 'reinterpret_cast': conversion from 'uint32_t' to 'uint32_t *' of greater size
C:\Users\andyj\source\repos\Experimental-CSGO-cheat\src\features\aimbot\EnginePrediction.cpp(36,87): warning C4311: 'reinterpret_cast': pointer truncation from 'CUserCmd *' to 'uint32_t'
C:\Users\andyj\source\repos\Experimental-CSGO-cheat\src\features\aimbot\EnginePrediction.cpp(36,87): warning C4302: 'reinterpret_cast': truncation from 'CUserCmd *' to 'uint32_t'
C:\Users\andyj\source\repos\Experimental-CSGO-cheat\src\Utils\Utils.h(19,54): error C3520: 'argList': parameter pack must be expanded in this context
  (compiling source file 'src/features/aimbot/EnginePrediction.cpp')
  C:\Users\andyj\source\repos\Experimental-CSGO-cheat\src\Utils\Utils.h(19,54):
  the template instantiation context (the oldest one first) is
  	C:\Users\andyj\source\repos\Experimental-CSGO-cheat\src\SDK\CPrediction.h(16,23):
  	see reference to function template instantiation 'TRet Utils::CallVFunc<1,void,C_BaseEntity*>(void *,C_BaseEntity *)' being compiled
          with
          [
              TRet=void
          ]
  
  LagComp.cpp
C:\Users\andyj\source\repos\Experimental-CSGO-cheat\src\SDK\Vector.h(124,11): warning C4244: '=': conversion from 'double' to 'float', possible loss of data
  (compiling source file 'src/features/aimbot/LagComp.cpp')
  
C:\Users\andyj\source\repos\Experimental-CSGO-cheat\src\SDK\Vector.h(126,54): warning C4244: 'argument': conversion from 'double' to 'float', possible loss of data
  (compiling source file 'src/features/aimbot/LagComp.cpp')
  
C:\Users\andyj\source\repos\Experimental-CSGO-cheat\src\SDK\Vector.h(126,17): warning C4244: 'argument': conversion from 'double' to 'float', possible loss of data
  (compiling source file 'src/features/aimbot/LagComp.cpp')
  
C:\Users\andyj\source\repos\Experimental-CSGO-cheat\src\Utils\Utils.h(32,28): warning C4311: 'type cast': pointer truncation from 'HMODULE' to 'DWORD'
  (compiling source file 'src/features/aimbot/LagComp.cpp')
  
C:\Users\andyj\source\repos\Experimental-CSGO-cheat\src\Utils\Utils.h(32,28): warning C4302: 'type cast': truncation from 'HMODULE' to 'DWORD'
  (compiling source file 'src/features/aimbot/LagComp.cpp')
  
C:\Users\andyj\source\repos\Experimental-CSGO-cheat\src\Utils\Utils.h(34,51): warning C4312: 'type cast': conversion from 'DWORD' to 'HMODULE' of greater size
  (compiling source file 'src/features/aimbot/LagComp.cpp')
  
C:\Users\andyj\source\repos\Experimental-CSGO-cheat\src\Utils\Utils.h(41,41): warning C4312: 'type cast': conversion from 'DWORD' to 'BYTE *' of greater size
  (compiling source file 'src/features/aimbot/LagComp.cpp')
  
C:\Users\andyj\source\repos\Experimental-CSGO-cheat\src\Utils\Utils.h(67,39): warning C4311: 'reinterpret_cast': pointer truncation from 'HMODULE' to 'unsigned int'
  (compiling source file 'src/features/aimbot/LagComp.cpp')
  
C:\Users\andyj\source\repos\Experimental-CSGO-cheat\src\Utils\Utils.h(67,39): warning C4302: 'reinterpret_cast': truncation from 'HMODULE' to 'unsigned int'
  (compiling source file 'src/features/aimbot/LagComp.cpp')
  
C:\Users\andyj\source\repos\Experimental-CSGO-cheat\src\Utils\Utils.h(71,45): warning C4312: 'reinterpret_cast': conversion from 'const unsigned int' to 'HMODULE' of greater size
  (compiling source file 'src/features/aimbot/LagComp.cpp')
  
C:\Users\andyj\source\repos\Experimental-CSGO-cheat\src\Utils\Utils.h(86,22): warning C4312: 'reinterpret_cast': conversion from 'unsigned int' to 'unsigned char *' of greater size
  (compiling source file 'src/features/aimbot/LagComp.cpp')
  
C:\Users\andyj\source\repos\Experimental-CSGO-cheat\src\SDK\CEntity.h(356,26): warning C4311: 'type cast': pointer truncation from 'C_BaseEntity *' to 'DWORD'
  (compiling source file 'src/features/aimbot/LagComp.cpp')
  
C:\Users\andyj\source\repos\Experimental-CSGO-cheat\src\SDK\CEntity.h(356,26): warning C4302: 'type cast': truncation from 'C_BaseEntity *' to 'DWORD'
  (compiling source file 'src/features/aimbot/LagComp.cpp')
  
C:\Users\andyj\source\repos\Experimental-CSGO-cheat\src\SDK\CEntity.h(356,10): warning C4312: 'type cast': conversion from 'DWORD' to 'ICollideable *' of greater size
  (compiling source file 'src/features/aimbot/LagComp.cpp')
  
C:\Users\andyj\source\repos\Experimental-CSGO-cheat\src\SDK\CEntity.h(441,35): warning C4312: 'type cast': conversion from 'DWORD' to 'OriginalFn' of greater size
  (compiling source file 'src/features/aimbot/LagComp.cpp')
  
C:\Program Files\Microsoft Visual Studio\2022\Community\VC\Tools\MSVC\14.38.33130\include\filesystem(12): warning STL4038: The contents of <filesystem> are available only with C++17 or later.
  AntiAim.cpp
C:\Users\andyj\source\repos\Experimental-CSGO-cheat\src\SDK\Vector.h(124,11): warning C4244: '=': conversion from 'double' to 'float', possible loss of data
  (compiling source file 'src/features/antiaim/AntiAim.cpp')
  
C:\Users\andyj\source\repos\Experimental-CSGO-cheat\src\SDK\Vector.h(126,54): warning C4244: 'argument': conversion from 'double' to 'float', possible loss of data
  (compiling source file 'src/features/antiaim/AntiAim.cpp')
  
C:\Users\andyj\source\repos\Experimental-CSGO-cheat\src\SDK\Vector.h(126,17): warning C4244: 'argument': conversion from 'double' to 'float', possible loss of data
  (compiling source file 'src/features/antiaim/AntiAim.cpp')
  
C:\Users\andyj\source\repos\Experimental-CSGO-cheat\src\Utils\Utils.h(32,28): warning C4311: 'type cast': pointer truncation from 'HMODULE' to 'DWORD'
  (compiling source file 'src/features/antiaim/AntiAim.cpp')
  
C:\Users\andyj\source\repos\Experimental-CSGO-cheat\src\Utils\Utils.h(32,28): warning C4302: 'type cast': truncation from 'HMODULE' to 'DWORD'
  (compiling source file 'src/features/antiaim/AntiAim.cpp')
  
C:\Users\andyj\source\repos\Experimental-CSGO-cheat\src\Utils\Utils.h(34,51): warning C4312: 'type cast': conversion from 'DWORD' to 'HMODULE' of greater size
  (compiling source file 'src/features/antiaim/AntiAim.cpp')
  
C:\Users\andyj\source\repos\Experimental-CSGO-cheat\src\Utils\Utils.h(41,41): warning C4312: 'type cast': conversion from 'DWORD' to 'BYTE *' of greater size
  (compiling source file 'src/features/antiaim/AntiAim.cpp')
  
C:\Users\andyj\source\repos\Experimental-CSGO-cheat\src\Utils\Utils.h(67,39): warning C4311: 'reinterpret_cast': pointer truncation from 'HMODULE' to 'unsigned int'
  (compiling source file 'src/features/antiaim/AntiAim.cpp')
  
C:\Users\andyj\source\repos\Experimental-CSGO-cheat\src\Utils\Utils.h(67,39): warning C4302: 'reinterpret_cast': truncation from 'HMODULE' to 'unsigned int'
  (compiling source file 'src/features/antiaim/AntiAim.cpp')
  
C:\Users\andyj\source\repos\Experimental-CSGO-cheat\src\Utils\Utils.h(71,45): warning C4312: 'reinterpret_cast': conversion from 'const unsigned int' to 'HMODULE' of greater size
  (compiling source file 'src/features/antiaim/AntiAim.cpp')
  
C:\Users\andyj\source\repos\Experimental-CSGO-cheat\src\Utils\Utils.h(86,22): warning C4312: 'reinterpret_cast': conversion from 'unsigned int' to 'unsigned char *' of greater size
  (compiling source file 'src/features/antiaim/AntiAim.cpp')
  
C:\Users\andyj\source\repos\Experimental-CSGO-cheat\src\SDK\CEntity.h(356,26): warning C4311: 'type cast': pointer truncation from 'C_BaseEntity *' to 'DWORD'
  (compiling source file 'src/features/antiaim/AntiAim.cpp')
  
C:\Users\andyj\source\repos\Experimental-CSGO-cheat\src\SDK\CEntity.h(356,26): warning C4302: 'type cast': truncation from 'C_BaseEntity *' to 'DWORD'
  (compiling source file 'src/features/antiaim/AntiAim.cpp')
  
C:\Users\andyj\source\repos\Experimental-CSGO-cheat\src\SDK\CEntity.h(356,10): warning C4312: 'type cast': conversion from 'DWORD' to 'ICollideable *' of greater size
  (compiling source file 'src/features/antiaim/AntiAim.cpp')
  
C:\Users\andyj\source\repos\Experimental-CSGO-cheat\src\SDK\CEntity.h(441,35): warning C4312: 'type cast': conversion from 'DWORD' to 'OriginalFn' of greater size
  (compiling source file 'src/features/antiaim/AntiAim.cpp')
  
C:\Program Files\Microsoft Visual Studio\2022\Community\VC\Tools\MSVC\14.38.33130\include\filesystem(12): warning STL4038: The contents of <filesystem> are available only with C++17 or later.
  missed_calculation.cpp
C:\Users\andyj\source\repos\Experimental-CSGO-cheat\src\SDK\Vector.h(124,11): warning C4244: '=': conversion from 'double' to 'float', possible loss of data
  (compiling source file 'src/features/resolver/missed_calculation.cpp')
  
C:\Users\andyj\source\repos\Experimental-CSGO-cheat\src\SDK\Vector.h(126,54): warning C4244: 'argument': conversion from 'double' to 'float', possible loss of data
  (compiling source file 'src/features/resolver/missed_calculation.cpp')
  
C:\Users\andyj\source\repos\Experimental-CSGO-cheat\src\SDK\Vector.h(126,17): warning C4244: 'argument': conversion from 'double' to 'float', possible loss of data
  (compiling source file 'src/features/resolver/missed_calculation.cpp')
  
C:\Users\andyj\source\repos\Experimental-CSGO-cheat\src\Utils\Utils.h(32,28): warning C4311: 'type cast': pointer truncation from 'HMODULE' to 'DWORD'
  (compiling source file 'src/features/resolver/missed_calculation.cpp')
  
C:\Users\andyj\source\repos\Experimental-CSGO-cheat\src\Utils\Utils.h(32,28): warning C4302: 'type cast': truncation from 'HMODULE' to 'DWORD'
  (compiling source file 'src/features/resolver/missed_calculation.cpp')
  
C:\Users\andyj\source\repos\Experimental-CSGO-cheat\src\Utils\Utils.h(34,51): warning C4312: 'type cast': conversion from 'DWORD' to 'HMODULE' of greater size
  (compiling source file 'src/features/resolver/missed_calculation.cpp')
  
C:\Users\andyj\source\repos\Experimental-CSGO-cheat\src\Utils\Utils.h(41,41): warning C4312: 'type cast': conversion from 'DWORD' to 'BYTE *' of greater size
  (compiling source file 'src/features/resolver/missed_calculation.cpp')
  
C:\Users\andyj\source\repos\Experimental-CSGO-cheat\src\Utils\Utils.h(67,39): warning C4311: 'reinterpret_cast': pointer truncation from 'HMODULE' to 'unsigned int'
  (compiling source file 'src/features/resolver/missed_calculation.cpp')
  
C:\Users\andyj\source\repos\Experimental-CSGO-cheat\src\Utils\Utils.h(67,39): warning C4302: 'reinterpret_cast': truncation from 'HMODULE' to 'unsigned int'
  (compiling source file 'src/features/resolver/missed_calculation.cpp')
  
C:\Users\andyj\source\repos\Experimental-CSGO-cheat\src\Utils\Utils.h(71,45): warning C4312: 'reinterpret_cast': conversion from 'const unsigned int' to 'HMODULE' of greater size
  (compiling source file 'src/features/resolver/missed_calculation.cpp')
  
C:\Users\andyj\source\repos\Experimental-CSGO-cheat\src\Utils\Utils.h(86,22): warning C4312: 'reinterpret_cast': conversion from 'unsigned int' to 'unsigned char *' of greater size
  (compiling source file 'src/features/resolver/missed_calculation.cpp')
  
C:\Users\andyj\source\repos\Experimental-CSGO-cheat\src\SDK\CEntity.h(356,26): warning C4311: 'type cast': pointer truncation from 'C_BaseEntity *' to 'DWORD'
  (compiling source file 'src/features/resolver/missed_calculation.cpp')
  
C:\Users\andyj\source\repos\Experimental-CSGO-cheat\src\SDK\CEntity.h(356,26): warning C4302: 'type cast': truncation from 'C_BaseEntity *' to 'DWORD'
  (compiling source file 'src/features/resolver/missed_calculation.cpp')
  
C:\Users\andyj\source\repos\Experimental-CSGO-cheat\src\SDK\CEntity.h(356,10): warning C4312: 'type cast': conversion from 'DWORD' to 'ICollideable *' of greater size
  (compiling source file 'src/features/resolver/missed_calculation.cpp')
  
C:\Users\andyj\source\repos\Experimental-CSGO-cheat\src\SDK\CEntity.h(441,35): warning C4312: 'type cast': conversion from 'DWORD' to 'OriginalFn' of greater size
  (compiling source file 'src/features/resolver/missed_calculation.cpp')
  
C:\Program Files\Microsoft Visual Studio\2022\Community\VC\Tools\MSVC\14.38.33130\include\filesystem(12): warning STL4038: The contents of <filesystem> are available only with C++17 or later.
  Resolver.cpp
C:\Users\andyj\source\repos\Experimental-CSGO-cheat\src\SDK\Vector.h(124,11): warning C4244: '=': conversion from 'double' to 'float', possible loss of data
  (compiling source file 'src/features/resolver/Resolver.cpp')
  
C:\Users\andyj\source\repos\Experimental-CSGO-cheat\src\SDK\Vector.h(126,54): warning C4244: 'argument': conversion from 'double' to 'float', possible loss of data
  (compiling source file 'src/features/resolver/Resolver.cpp')
  
C:\Users\andyj\source\repos\Experimental-CSGO-cheat\src\SDK\Vector.h(126,17): warning C4244: 'argument': conversion from 'double' to 'float', possible loss of data
  (compiling source file 'src/features/resolver/Resolver.cpp')
  
C:\Users\andyj\source\repos\Experimental-CSGO-cheat\src\Utils\Utils.h(32,28): warning C4311: 'type cast': pointer truncation from 'HMODULE' to 'DWORD'
  (compiling source file 'src/features/resolver/Resolver.cpp')
  
C:\Users\andyj\source\repos\Experimental-CSGO-cheat\src\Utils\Utils.h(32,28): warning C4302: 'type cast': truncation from 'HMODULE' to 'DWORD'
  (compiling source file 'src/features/resolver/Resolver.cpp')
  
C:\Users\andyj\source\repos\Experimental-CSGO-cheat\src\Utils\Utils.h(34,51): warning C4312: 'type cast': conversion from 'DWORD' to 'HMODULE' of greater size
  (compiling source file 'src/features/resolver/Resolver.cpp')
  
C:\Users\andyj\source\repos\Experimental-CSGO-cheat\src\Utils\Utils.h(41,41): warning C4312: 'type cast': conversion from 'DWORD' to 'BYTE *' of greater size
  (compiling source file 'src/features/resolver/Resolver.cpp')
  
C:\Users\andyj\source\repos\Experimental-CSGO-cheat\src\Utils\Utils.h(67,39): warning C4311: 'reinterpret_cast': pointer truncation from 'HMODULE' to 'unsigned int'
  (compiling source file 'src/features/resolver/Resolver.cpp')
  
C:\Users\andyj\source\repos\Experimental-CSGO-cheat\src\Utils\Utils.h(67,39): warning C4302: 'reinterpret_cast': truncation from 'HMODULE' to 'unsigned int'
  (compiling source file 'src/features/resolver/Resolver.cpp')
  
C:\Users\andyj\source\repos\Experimental-CSGO-cheat\src\Utils\Utils.h(71,45): warning C4312: 'reinterpret_cast': conversion from 'const unsigned int' to 'HMODULE' of greater size
  (compiling source file 'src/features/resolver/Resolver.cpp')
  
C:\Users\andyj\source\repos\Experimental-CSGO-cheat\src\Utils\Utils.h(86,22): warning C4312: 'reinterpret_cast': conversion from 'unsigned int' to 'unsigned char *' of greater size
  (compiling source file 'src/features/resolver/Resolver.cpp')
  
C:\Users\andyj\source\repos\Experimental-CSGO-cheat\src\SDK\CEntity.h(356,26): warning C4311: 'type cast': pointer truncation from 'C_BaseEntity *' to 'DWORD'
  (compiling source file 'src/features/resolver/Resolver.cpp')
  
C:\Users\andyj\source\repos\Experimental-CSGO-cheat\src\SDK\CEntity.h(356,26): warning C4302: 'type cast': truncation from 'C_BaseEntity *' to 'DWORD'
  (compiling source file 'src/features/resolver/Resolver.cpp')
  
C:\Users\andyj\source\repos\Experimental-CSGO-cheat\src\SDK\CEntity.h(356,10): warning C4312: 'type cast': conversion from 'DWORD' to 'ICollideable *' of greater size
  (compiling source file 'src/features/resolver/Resolver.cpp')
  
C:\Users\andyj\source\repos\Experimental-CSGO-cheat\src\SDK\CEntity.h(441,35): warning C4312: 'type cast': conversion from 'DWORD' to 'OriginalFn' of greater size
  (compiling source file 'src/features/resolver/Resolver.cpp')
  
C:\Program Files\Microsoft Visual Studio\2022\Community\VC\Tools\MSVC\14.38.33130\include\filesystem(12): warning STL4038: The contents of <filesystem> are available only with C++17 or later.
  ESP.cpp
C:\Users\andyj\source\repos\Experimental-CSGO-cheat\src\SDK\Vector.h(124,11): warning C4244: '=': conversion from 'double' to 'float', possible loss of data
  (compiling source file 'src/features/visuals/ESP.cpp')
  
C:\Users\andyj\source\repos\Experimental-CSGO-cheat\src\SDK\Vector.h(126,54): warning C4244: 'argument': conversion from 'double' to 'float', possible loss of data
  (compiling source file 'src/features/visuals/ESP.cpp')
  
C:\Users\andyj\source\repos\Experimental-CSGO-cheat\src\SDK\Vector.h(126,17): warning C4244: 'argument': conversion from 'double' to 'float', possible loss of data
  (compiling source file 'src/features/visuals/ESP.cpp')
  
C:\Users\andyj\source\repos\Experimental-CSGO-cheat\src\Utils\Utils.h(32,28): warning C4311: 'type cast': pointer truncation from 'HMODULE' to 'DWORD'
  (compiling source file 'src/features/visuals/ESP.cpp')
  
C:\Users\andyj\source\repos\Experimental-CSGO-cheat\src\Utils\Utils.h(32,28): warning C4302: 'type cast': truncation from 'HMODULE' to 'DWORD'
  (compiling source file 'src/features/visuals/ESP.cpp')
  
C:\Users\andyj\source\repos\Experimental-CSGO-cheat\src\Utils\Utils.h(34,51): warning C4312: 'type cast': conversion from 'DWORD' to 'HMODULE' of greater size
  (compiling source file 'src/features/visuals/ESP.cpp')
  
C:\Users\andyj\source\repos\Experimental-CSGO-cheat\src\Utils\Utils.h(41,41): warning C4312: 'type cast': conversion from 'DWORD' to 'BYTE *' of greater size
  (compiling source file 'src/features/visuals/ESP.cpp')
  
C:\Users\andyj\source\repos\Experimental-CSGO-cheat\src\Utils\Utils.h(67,39): warning C4311: 'reinterpret_cast': pointer truncation from 'HMODULE' to 'unsigned int'
  (compiling source file 'src/features/visuals/ESP.cpp')
  
C:\Users\andyj\source\repos\Experimental-CSGO-cheat\src\Utils\Utils.h(67,39): warning C4302: 'reinterpret_cast': truncation from 'HMODULE' to 'unsigned int'
  (compiling source file 'src/features/visuals/ESP.cpp')
  
C:\Users\andyj\source\repos\Experimental-CSGO-cheat\src\Utils\Utils.h(71,45): warning C4312: 'reinterpret_cast': conversion from 'const unsigned int' to 'HMODULE' of greater size
  (compiling source file 'src/features/visuals/ESP.cpp')
  
C:\Users\andyj\source\repos\Experimental-CSGO-cheat\src\Utils\Utils.h(86,22): warning C4312: 'reinterpret_cast': conversion from 'unsigned int' to 'unsigned char *' of greater size
  (compiling source file 'src/features/visuals/ESP.cpp')
  
C:\Users\andyj\source\repos\Experimental-CSGO-cheat\src\SDK\CEntity.h(356,26): warning C4311: 'type cast': pointer truncation from 'C_BaseEntity *' to 'DWORD'
  (compiling source file 'src/features/visuals/ESP.cpp')
  
C:\Users\andyj\source\repos\Experimental-CSGO-cheat\src\SDK\CEntity.h(356,26): warning C4302: 'type cast': truncation from 'C_BaseEntity *' to 'DWORD'
  (compiling source file 'src/features/visuals/ESP.cpp')
  
C:\Users\andyj\source\repos\Experimental-CSGO-cheat\src\SDK\CEntity.h(356,10): warning C4312: 'type cast': conversion from 'DWORD' to 'ICollideable *' of greater size
  (compiling source file 'src/features/visuals/ESP.cpp')
  
C:\Users\andyj\source\repos\Experimental-CSGO-cheat\src\SDK\CEntity.h(441,35): warning C4312: 'type cast': conversion from 'DWORD' to 'OriginalFn' of greater size
  (compiling source file 'src/features/visuals/ESP.cpp')
  
C:\Users\andyj\source\repos\Experimental-CSGO-cheat\src\SDK\ISurface.h(254,35): warning C4267: 'argument': conversion from 'size_t' to 'int', possible loss of data
  (compiling source file 'src/features/visuals/ESP.cpp')
  
C:\Program Files\Microsoft Visual Studio\2022\Community\VC\Tools\MSVC\14.38.33130\include\filesystem(12): warning STL4038: The contents of <filesystem> are available only with C++17 or later.
C:\Users\andyj\source\repos\Experimental-CSGO-cheat\src\features\visuals\ESP.cpp(16,8): error C2039: 'transform': is not a member of 'std'
  C:\Program Files\Microsoft Visual Studio\2022\Community\VC\Tools\MSVC\14.38.33130\include\deque(23,1):
  see declaration of 'std'
  
C:\Users\andyj\source\repos\Experimental-CSGO-cheat\src\features\visuals\ESP.cpp(16,8): error C3861: 'transform': identifier not found
C:\Users\andyj\source\repos\Experimental-CSGO-cheat\src\features\visuals\ESP.cpp(49,14): warning C4244: 'initializing': conversion from 'float' to 'int', possible loss of data
C:\Users\andyj\source\repos\Experimental-CSGO-cheat\src\features\visuals\ESP.cpp(58,59): warning C4244: 'argument': conversion from 'float' to 'int', possible loss of data
C:\Users\andyj\source\repos\Experimental-CSGO-cheat\src\features\visuals\ESP.cpp(58,32): warning C4244: 'argument': conversion from 'float' to 'int', possible loss of data
C:\Users\andyj\source\repos\Experimental-CSGO-cheat\src\features\visuals\ESP.cpp(58,22): warning C4244: 'argument': conversion from 'float' to 'int', possible loss of data
C:\Users\andyj\source\repos\Experimental-CSGO-cheat\src\features\visuals\ESP.cpp(63,88): warning C4244: 'argument': conversion from 'float' to 'int', possible loss of data
C:\Users\andyj\source\repos\Experimental-CSGO-cheat\src\features\visuals\ESP.cpp(63,48): warning C4244: 'argument': conversion from 'float' to 'int', possible loss of data
C:\Users\andyj\source\repos\Experimental-CSGO-cheat\src\features\visuals\ESP.cpp(63,32): warning C4244: 'argument': conversion from 'float' to 'int', possible loss of data
C:\Users\andyj\source\repos\Experimental-CSGO-cheat\src\features\visuals\ESP.cpp(64,101): warning C4244: 'argument': conversion from 'float' to 'int', possible loss of data
C:\Users\andyj\source\repos\Experimental-CSGO-cheat\src\features\visuals\ESP.cpp(64,55): warning C4244: 'argument': conversion from 'float' to 'int', possible loss of data
C:\Users\andyj\source\repos\Experimental-CSGO-cheat\src\features\visuals\ESP.cpp(64,44): warning C4244: 'argument': conversion from 'float' to 'int', possible loss of data
C:\Users\andyj\source\repos\Experimental-CSGO-cheat\src\features\visuals\ESP.cpp(65,101): warning C4244: 'argument': conversion from 'float' to 'int', possible loss of data
C:\Users\andyj\source\repos\Experimental-CSGO-cheat\src\features\visuals\ESP.cpp(65,55): warning C4244: 'argument': conversion from 'float' to 'int', possible loss of data
C:\Users\andyj\source\repos\Experimental-CSGO-cheat\src\features\visuals\ESP.cpp(65,44): warning C4244: 'argument': conversion from 'float' to 'int', possible loss of data
C:\Users\andyj\source\repos\Experimental-CSGO-cheat\src\features\visuals\ESP.cpp(72,15): warning C4244: 'initializing': conversion from 'double' to 'int', possible loss of data
C:\Users\andyj\source\repos\Experimental-CSGO-cheat\src\features\visuals\ESP.cpp(73,17): warning C4244: 'initializing': conversion from 'double' to 'int', possible loss of data
C:\Users\andyj\source\repos\Experimental-CSGO-cheat\src\features\visuals\ESP.cpp(74,52): warning C4244: 'argument': conversion from 'float' to 'int', possible loss of data
C:\Users\andyj\source\repos\Experimental-CSGO-cheat\src\features\visuals\ESP.cpp(80,123): warning C4244: 'argument': conversion from 'float' to 'int', possible loss of data
C:\Users\andyj\source\repos\Experimental-CSGO-cheat\src\features\visuals\ESP.cpp(80,100): warning C4244: 'argument': conversion from 'float' to 'int', possible loss of data
C:\Users\andyj\source\repos\Experimental-CSGO-cheat\src\features\visuals\ESP.cpp(80,80): warning C4244: 'argument': conversion from 'float' to 'int', possible loss of data
C:\Users\andyj\source\repos\Experimental-CSGO-cheat\src\features\visuals\ESP.cpp(80,55): warning C4244: 'argument': conversion from 'float' to 'int', possible loss of data
C:\Users\andyj\source\repos\Experimental-CSGO-cheat\src\features\visuals\ESP.cpp(80,44): warning C4244: 'argument': conversion from 'float' to 'int', possible loss of data
C:\Users\andyj\source\repos\Experimental-CSGO-cheat\src\features\visuals\ESP.cpp(82,95): warning C4244: 'argument': conversion from 'float' to 'int', possible loss of data
C:\Users\andyj\source\repos\Experimental-CSGO-cheat\src\features\visuals\ESP.cpp(82,75): warning C4244: 'argument': conversion from 'float' to 'int', possible loss of data
C:\Users\andyj\source\repos\Experimental-CSGO-cheat\src\features\visuals\ESP.cpp(82,49): warning C4244: 'argument': conversion from 'float' to 'int', possible loss of data
C:\Users\andyj\source\repos\Experimental-CSGO-cheat\src\features\visuals\ESP.cpp(82,38): warning C4244: 'argument': conversion from 'float' to 'int', possible loss of data
C:\Users\andyj\source\repos\Experimental-CSGO-cheat\src\features\visuals\ESP.cpp(83,95): warning C4244: 'argument': conversion from 'float' to 'int', possible loss of data
C:\Users\andyj\source\repos\Experimental-CSGO-cheat\src\features\visuals\ESP.cpp(83,75): warning C4244: 'argument': conversion from 'float' to 'int', possible loss of data
C:\Users\andyj\source\repos\Experimental-CSGO-cheat\src\features\visuals\ESP.cpp(83,49): warning C4244: 'argument': conversion from 'float' to 'int', possible loss of data
C:\Users\andyj\source\repos\Experimental-CSGO-cheat\src\features\visuals\ESP.cpp(83,38): warning C4244: 'argument': conversion from 'float' to 'int', possible loss of data
C:\Users\andyj\source\repos\Experimental-CSGO-cheat\src\features\visuals\ESP.cpp(86,82): warning C4244: 'argument': conversion from 'float' to 'int', possible loss of data
C:\Users\andyj\source\repos\Experimental-CSGO-cheat\src\features\visuals\ESP.cpp(86,56): warning C4244: 'argument': conversion from 'float' to 'int', possible loss of data
C:\Users\andyj\source\repos\Experimental-CSGO-cheat\src\features\visuals\ESP.cpp(86,40): warning C4244: 'argument': conversion from 'float' to 'int', possible loss of data
C:\Users\andyj\source\repos\Experimental-CSGO-cheat\src\features\visuals\ESP.cpp(100,58): warning C4244: 'argument': conversion from 'float' to 'int', possible loss of data
C:\Users\andyj\source\repos\Experimental-CSGO-cheat\src\features\visuals\ESP.cpp(100,32): warning C4244: 'argument': conversion from 'float' to 'int', possible loss of data
C:\Users\andyj\source\repos\Experimental-CSGO-cheat\src\features\visuals\ESP.cpp(100,22): warning C4244: 'argument': conversion from 'float' to 'int', possible loss of data
  Hooks.cpp
C:\Users\andyj\source\repos\Experimental-CSGO-cheat\src\SDK\Vector.h(124,11): warning C4244: '=': conversion from 'double' to 'float', possible loss of data
  (compiling source file 'src/Hooks.cpp')
  
C:\Users\andyj\source\repos\Experimental-CSGO-cheat\src\SDK\Vector.h(126,54): warning C4244: 'argument': conversion from 'double' to 'float', possible loss of data
  (compiling source file 'src/Hooks.cpp')
  
C:\Users\andyj\source\repos\Experimental-CSGO-cheat\src\SDK\Vector.h(126,17): warning C4244: 'argument': conversion from 'double' to 'float', possible loss of data
  (compiling source file 'src/Hooks.cpp')
  
C:\Users\andyj\source\repos\Experimental-CSGO-cheat\src\Utils\Utils.h(32,28): warning C4311: 'type cast': pointer truncation from 'HMODULE' to 'DWORD'
  (compiling source file 'src/Hooks.cpp')
  
C:\Users\andyj\source\repos\Experimental-CSGO-cheat\src\Utils\Utils.h(32,28): warning C4302: 'type cast': truncation from 'HMODULE' to 'DWORD'
  (compiling source file 'src/Hooks.cpp')
  
C:\Users\andyj\source\repos\Experimental-CSGO-cheat\src\Utils\Utils.h(34,51): warning C4312: 'type cast': conversion from 'DWORD' to 'HMODULE' of greater size
  (compiling source file 'src/Hooks.cpp')
  
C:\Users\andyj\source\repos\Experimental-CSGO-cheat\src\Utils\Utils.h(41,41): warning C4312: 'type cast': conversion from 'DWORD' to 'BYTE *' of greater size
  (compiling source file 'src/Hooks.cpp')
  
C:\Users\andyj\source\repos\Experimental-CSGO-cheat\src\Utils\Utils.h(67,39): warning C4311: 'reinterpret_cast': pointer truncation from 'HMODULE' to 'unsigned int'
  (compiling source file 'src/Hooks.cpp')
  
C:\Users\andyj\source\repos\Experimental-CSGO-cheat\src\Utils\Utils.h(67,39): warning C4302: 'reinterpret_cast': truncation from 'HMODULE' to 'unsigned int'
  (compiling source file 'src/Hooks.cpp')
  
C:\Users\andyj\source\repos\Experimental-CSGO-cheat\src\Utils\Utils.h(71,45): warning C4312: 'reinterpret_cast': conversion from 'const unsigned int' to 'HMODULE' of greater size
  (compiling source file 'src/Hooks.cpp')
  
C:\Users\andyj\source\repos\Experimental-CSGO-cheat\src\Utils\Utils.h(86,22): warning C4312: 'reinterpret_cast': conversion from 'unsigned int' to 'unsigned char *' of greater size
  (compiling source file 'src/Hooks.cpp')
  
C:\Users\andyj\source\repos\Experimental-CSGO-cheat\src\SDK\CEntity.h(356,26): warning C4311: 'type cast': pointer truncation from 'C_BaseEntity *' to 'DWORD'
  (compiling source file 'src/Hooks.cpp')
  
C:\Users\andyj\source\repos\Experimental-CSGO-cheat\src\SDK\CEntity.h(356,26): warning C4302: 'type cast': truncation from 'C_BaseEntity *' to 'DWORD'
  (compiling source file 'src/Hooks.cpp')
  
C:\Users\andyj\source\repos\Experimental-CSGO-cheat\src\SDK\CEntity.h(356,10): warning C4312: 'type cast': conversion from 'DWORD' to 'ICollideable *' of greater size
  (compiling source file 'src/Hooks.cpp')
  
C:\Users\andyj\source\repos\Experimental-CSGO-cheat\src\SDK\CEntity.h(441,35): warning C4312: 'type cast': conversion from 'DWORD' to 'OriginalFn' of greater size
  (compiling source file 'src/Hooks.cpp')
  
C:\Users\andyj\source\repos\Experimental-CSGO-cheat\src\SDK\ISurface.h(254,35): warning C4267: 'argument': conversion from 'size_t' to 'int', possible loss of data
  (compiling source file 'src/Hooks.cpp')
  
C:\Program Files\Microsoft Visual Studio\2022\Community\VC\Tools\MSVC\14.38.33130\include\filesystem(12): warning STL4038: The contents of <filesystem> are available only with C++17 or later.
C:\Users\andyj\source\repos\Experimental-CSGO-cheat\src\Features\Misc\Misc.h(91,13): warning C4311: 'type cast': pointer truncation from 'void **' to 'DWORD'
  (compiling source file 'src/Hooks.cpp')
  
C:\Users\andyj\source\repos\Experimental-CSGO-cheat\src\Features\Misc\Misc.h(91,13): warning C4302: 'type cast': truncation from 'void **' to 'DWORD'
  (compiling source file 'src/Hooks.cpp')
  
C:\Users\andyj\source\repos\Experimental-CSGO-cheat\src\Features\Misc\Misc.h(91,6): warning C4312: 'type cast': conversion from 'DWORD' to 'int *' of greater size
  (compiling source file 'src/Hooks.cpp')
  
C:\Users\andyj\source\repos\Experimental-CSGO-cheat\src\Features\Misc\Misc.h(102,13): warning C4311: 'type cast': pointer truncation from 'void **' to 'DWORD'
  (compiling source file 'src/Hooks.cpp')
  
C:\Users\andyj\source\repos\Experimental-CSGO-cheat\src\Features\Misc\Misc.h(102,13): warning C4302: 'type cast': truncation from 'void **' to 'DWORD'
  (compiling source file 'src/Hooks.cpp')
  
C:\Users\andyj\source\repos\Experimental-CSGO-cheat\src\Features\Misc\Misc.h(102,6): warning C4312: 'type cast': conversion from 'DWORD' to 'int *' of greater size
  (compiling source file 'src/Hooks.cpp')
  
C:\Users\andyj\source\repos\Experimental-CSGO-cheat\src\Features\Misc\Misc.h(130,12): warning C4244: 'initializing': conversion from 'int' to 'float', possible loss of data
  (compiling source file 'src/Hooks.cpp')
  
C:\Users\andyj\source\repos\Experimental-CSGO-cheat\src\Features\Misc\Misc.h(131,12): warning C4244: 'initializing': conversion from 'int' to 'float', possible loss of data
  (compiling source file 'src/Hooks.cpp')
  
C:\Users\andyj\source\repos\Experimental-CSGO-cheat\src\Features\Misc\Misc.h(139,54): warning C4244: 'argument': conversion from 'float' to 'int', possible loss of data
  (compiling source file 'src/Hooks.cpp')
  
C:\Users\andyj\source\repos\Experimental-CSGO-cheat\src\Features\Misc\Misc.h(139,32): warning C4244: 'argument': conversion from 'float' to 'int', possible loss of data
  (compiling source file 'src/Hooks.cpp')
  
C:\Users\andyj\source\repos\Experimental-CSGO-cheat\src\Features\Misc\Misc.h(140,47): warning C4244: 'argument': conversion from 'float' to 'int', possible loss of data
  (compiling source file 'src/Hooks.cpp')
  
C:\Users\andyj\source\repos\Experimental-CSGO-cheat\src\Features\Misc\Misc.h(140,29): warning C4244: 'argument': conversion from 'float' to 'int', possible loss of data
  (compiling source file 'src/Hooks.cpp')
  
C:\Users\andyj\source\repos\Experimental-CSGO-cheat\src\Features\Misc\Misc.h(153,14): warning C4311: 'type cast': pointer truncation from 'void **' to 'DWORD'
  (compiling source file 'src/Hooks.cpp')
  
C:\Users\andyj\source\repos\Experimental-CSGO-cheat\src\Features\Misc\Misc.h(153,14): warning C4302: 'type cast': truncation from 'void **' to 'DWORD'
  (compiling source file 'src/Hooks.cpp')
  
C:\Users\andyj\source\repos\Experimental-CSGO-cheat\src\Features\Misc\Misc.h(153,7): warning C4312: 'type cast': conversion from 'DWORD' to 'int *' of greater size
  (compiling source file 'src/Hooks.cpp')
  
C:\Users\andyj\source\repos\Experimental-CSGO-cheat\src\Features\Misc\Misc.h(166,14): warning C4311: 'type cast': pointer truncation from 'void **' to 'DWORD'
  (compiling source file 'src/Hooks.cpp')
  
C:\Users\andyj\source\repos\Experimental-CSGO-cheat\src\Features\Misc\Misc.h(166,14): warning C4302: 'type cast': truncation from 'void **' to 'DWORD'
  (compiling source file 'src/Hooks.cpp')
  
C:\Users\andyj\source\repos\Experimental-CSGO-cheat\src\Features\Misc\Misc.h(166,7): warning C4312: 'type cast': conversion from 'DWORD' to 'int *' of greater size
  (compiling source file 'src/Hooks.cpp')
  
C:\Users\andyj\source\repos\Experimental-CSGO-cheat\src\Features\Misc\Misc.h(182,13): warning C4311: 'type cast': pointer truncation from 'void **' to 'DWORD'
  (compiling source file 'src/Hooks.cpp')
  
C:\Users\andyj\source\repos\Experimental-CSGO-cheat\src\Features\Misc\Misc.h(182,13): warning C4302: 'type cast': truncation from 'void **' to 'DWORD'
  (compiling source file 'src/Hooks.cpp')
  
C:\Users\andyj\source\repos\Experimental-CSGO-cheat\src\Features\Misc\Misc.h(182,6): warning C4312: 'type cast': conversion from 'DWORD' to 'int *' of greater size
  (compiling source file 'src/Hooks.cpp')
  
C:\Users\andyj\source\repos\Experimental-CSGO-cheat\src\Features\Misc\Misc.h(309,11): warning C4101: 'dmg': unreferenced local variable
  (compiling source file 'src/Hooks.cpp')
  
C:\Users\andyj\source\repos\Experimental-CSGO-cheat\src\Features\Features.h(9,10): error C1083: Cannot open include file: 'Legit\Legitbot.h': No such file or directory
  (compiling source file 'src/Hooks.cpp')
  
  Menu.cpp
C:\Program Files\Microsoft Visual Studio\2022\Community\VC\Tools\MSVC\14.38.33130\include\filesystem(12): warning STL4038: The contents of <filesystem> are available only with C++17 or later.
C:\Users\andyj\source\repos\Experimental-CSGO-cheat\src\menu\Menu.h(114,39): error C2039: 'vector': is not a member of 'std'
  (compiling source file 'src/menu/Menu.cpp')
  C:\Program Files\Microsoft Visual Studio\2022\Community\VC\Tools\MSVC\14.38.33130\include\string(23,1):
  see declaration of 'std'
  
C:\Users\andyj\source\repos\Experimental-CSGO-cheat\src\menu\Menu.h(114,39): error C2061: syntax error: identifier 'vector'
  (compiling source file 'src/menu/Menu.cpp')
  
C:\Users\andyj\source\repos\Experimental-CSGO-cheat\src\menu\Menu.h(115,44): error C2039: 'vector': is not a member of 'std'
  (compiling source file 'src/menu/Menu.cpp')
  C:\Program Files\Microsoft Visual Studio\2022\Community\VC\Tools\MSVC\14.38.33130\include\string(23,1):
  see declaration of 'std'
  
C:\Users\andyj\source\repos\Experimental-CSGO-cheat\src\menu\Menu.h(115,44): error C2061: syntax error: identifier 'vector'
  (compiling source file 'src/menu/Menu.cpp')
  
C:\Users\andyj\source\repos\Experimental-CSGO-cheat\src\menu\Menu.cpp(2,10): error C1083: Cannot open include file: 'TGFCfg.h': No such file or directory
  CEntity.cpp
C:\Users\andyj\source\repos\Experimental-CSGO-cheat\src\sdk\Vector.h(124,11): warning C4244: '=': conversion from 'double' to 'float', possible loss of data
  (compiling source file 'src/sdk/CEntity.cpp')
  
C:\Users\andyj\source\repos\Experimental-CSGO-cheat\src\sdk\Vector.h(126,54): warning C4244: 'argument': conversion from 'double' to 'float', possible loss of data
  (compiling source file 'src/sdk/CEntity.cpp')
  
C:\Users\andyj\source\repos\Experimental-CSGO-cheat\src\sdk\Vector.h(126,17): warning C4244: 'argument': conversion from 'double' to 'float', possible loss of data
  (compiling source file 'src/sdk/CEntity.cpp')
  
C:\Users\andyj\source\repos\Experimental-CSGO-cheat\src\Utils\Utils.h(32,28): warning C4311: 'type cast': pointer truncation from 'HMODULE' to 'DWORD'
  (compiling source file 'src/sdk/CEntity.cpp')
  
C:\Users\andyj\source\repos\Experimental-CSGO-cheat\src\Utils\Utils.h(32,28): warning C4302: 'type cast': truncation from 'HMODULE' to 'DWORD'
  (compiling source file 'src/sdk/CEntity.cpp')
  
C:\Users\andyj\source\repos\Experimental-CSGO-cheat\src\Utils\Utils.h(34,51): warning C4312: 'type cast': conversion from 'DWORD' to 'HMODULE' of greater size
  (compiling source file 'src/sdk/CEntity.cpp')
  
C:\Users\andyj\source\repos\Experimental-CSGO-cheat\src\Utils\Utils.h(41,41): warning C4312: 'type cast': conversion from 'DWORD' to 'BYTE *' of greater size
  (compiling source file 'src/sdk/CEntity.cpp')
  
C:\Users\andyj\source\repos\Experimental-CSGO-cheat\src\Utils\Utils.h(67,39): warning C4311: 'reinterpret_cast': pointer truncation from 'HMODULE' to 'unsigned int'
  (compiling source file 'src/sdk/CEntity.cpp')
  
C:\Users\andyj\source\repos\Experimental-CSGO-cheat\src\Utils\Utils.h(67,39): warning C4302: 'reinterpret_cast': truncation from 'HMODULE' to 'unsigned int'
  (compiling source file 'src/sdk/CEntity.cpp')
  
C:\Users\andyj\source\repos\Experimental-CSGO-cheat\src\Utils\Utils.h(71,45): warning C4312: 'reinterpret_cast': conversion from 'const unsigned int' to 'HMODULE' of greater size
  (compiling source file 'src/sdk/CEntity.cpp')
  
C:\Users\andyj\source\repos\Experimental-CSGO-cheat\src\Utils\Utils.h(86,22): warning C4312: 'reinterpret_cast': conversion from 'unsigned int' to 'unsigned char *' of greater size
  (compiling source file 'src/sdk/CEntity.cpp')
  
C:\Users\andyj\source\repos\Experimental-CSGO-cheat\src\sdk\CEntity.h(356,26): warning C4311: 'type cast': pointer truncation from 'C_BaseEntity *' to 'DWORD'
  (compiling source file 'src/sdk/CEntity.cpp')
  
C:\Users\andyj\source\repos\Experimental-CSGO-cheat\src\sdk\CEntity.h(356,26): warning C4302: 'type cast': truncation from 'C_BaseEntity *' to 'DWORD'
  (compiling source file 'src/sdk/CEntity.cpp')
  
C:\Users\andyj\source\repos\Experimental-CSGO-cheat\src\sdk\CEntity.h(356,10): warning C4312: 'type cast': conversion from 'DWORD' to 'ICollideable *' of greater size
  (compiling source file 'src/sdk/CEntity.cpp')
  
C:\Users\andyj\source\repos\Experimental-CSGO-cheat\src\sdk\CEntity.h(441,35): warning C4312: 'type cast': conversion from 'DWORD' to 'OriginalFn' of greater size
  (compiling source file 'src/sdk/CEntity.cpp')
  
C:\Users\andyj\source\repos\Experimental-CSGO-cheat\src\sdk\CEntity.cpp(63,24): warning C4312: 'type cast': conversion from 'DWORD' to 'Fn' of greater size
  checksum_crc.cpp
C:\Users\andyj\source\repos\Experimental-CSGO-cheat\src\sdk\checksum_crc.cpp(151,12): warning C4311: 'type cast': pointer truncation from 'unsigned char *' to 'unsigned int'
C:\Users\andyj\source\repos\Experimental-CSGO-cheat\src\sdk\checksum_crc.cpp(151,12): warning C4302: 'type cast': truncation from 'unsigned char *' to 'unsigned int'
  GlobalVars.cpp
C:\Users\andyj\source\repos\Experimental-CSGO-cheat\src\SDK\Vector.h(124,11): warning C4244: '=': conversion from 'double' to 'float', possible loss of data
  (compiling source file 'src/utils/GlobalVars.cpp')
  
C:\Users\andyj\source\repos\Experimental-CSGO-cheat\src\SDK\Vector.h(126,54): warning C4244: 'argument': conversion from 'double' to 'float', possible loss of data
  (compiling source file 'src/utils/GlobalVars.cpp')
  
C:\Users\andyj\source\repos\Experimental-CSGO-cheat\src\SDK\Vector.h(126,17): warning C4244: 'argument': conversion from 'double' to 'float', possible loss of data
  (compiling source file 'src/utils/GlobalVars.cpp')
  
C:\Users\andyj\source\repos\Experimental-CSGO-cheat\src\Utils\Utils.h(32,28): warning C4311: 'type cast': pointer truncation from 'HMODULE' to 'DWORD'
  (compiling source file 'src/utils/GlobalVars.cpp')
  
C:\Users\andyj\source\repos\Experimental-CSGO-cheat\src\Utils\Utils.h(32,28): warning C4302: 'type cast': truncation from 'HMODULE' to 'DWORD'
  (compiling source file 'src/utils/GlobalVars.cpp')
  
C:\Users\andyj\source\repos\Experimental-CSGO-cheat\src\Utils\Utils.h(34,51): warning C4312: 'type cast': conversion from 'DWORD' to 'HMODULE' of greater size
  (compiling source file 'src/utils/GlobalVars.cpp')
  
C:\Users\andyj\source\repos\Experimental-CSGO-cheat\src\Utils\Utils.h(41,41): warning C4312: 'type cast': conversion from 'DWORD' to 'BYTE *' of greater size
  (compiling source file 'src/utils/GlobalVars.cpp')
  
C:\Users\andyj\source\repos\Experimental-CSGO-cheat\src\Utils\Utils.h(67,39): warning C4311: 'reinterpret_cast': pointer truncation from 'HMODULE' to 'unsigned int'
  (compiling source file 'src/utils/GlobalVars.cpp')
  
C:\Users\andyj\source\repos\Experimental-CSGO-cheat\src\Utils\Utils.h(67,39): warning C4302: 'reinterpret_cast': truncation from 'HMODULE' to 'unsigned int'
  (compiling source file 'src/utils/GlobalVars.cpp')
  
C:\Users\andyj\source\repos\Experimental-CSGO-cheat\src\Utils\Utils.h(71,45): warning C4312: 'reinterpret_cast': conversion from 'const unsigned int' to 'HMODULE' of greater size
  (compiling source file 'src/utils/GlobalVars.cpp')
  
C:\Users\andyj\source\repos\Experimental-CSGO-cheat\src\Utils\Utils.h(86,22): warning C4312: 'reinterpret_cast': conversion from 'unsigned int' to 'unsigned char *' of greater size
  (compiling source file 'src/utils/GlobalVars.cpp')
  
C:\Users\andyj\source\repos\Experimental-CSGO-cheat\src\SDK\CEntity.h(356,26): warning C4311: 'type cast': pointer truncation from 'C_BaseEntity *' to 'DWORD'
  (compiling source file 'src/utils/GlobalVars.cpp')
  
C:\Users\andyj\source\repos\Experimental-CSGO-cheat\src\SDK\CEntity.h(356,26): warning C4302: 'type cast': truncation from 'C_BaseEntity *' to 'DWORD'
  (compiling source file 'src/utils/GlobalVars.cpp')
  
C:\Users\andyj\source\repos\Experimental-CSGO-cheat\src\SDK\CEntity.h(356,10): warning C4312: 'type cast': conversion from 'DWORD' to 'ICollideable *' of greater size
  (compiling source file 'src/utils/GlobalVars.cpp')
  
C:\Users\andyj\source\repos\Experimental-CSGO-cheat\src\SDK\CEntity.h(441,35): warning C4312: 'type cast': conversion from 'DWORD' to 'OriginalFn' of greater size
  (compiling source file 'src/utils/GlobalVars.cpp')
  
  Interfaces.cpp
C:\Users\andyj\source\repos\Experimental-CSGO-cheat\src\SDK\Vector.h(124,11): warning C4244: '=': conversion from 'double' to 'float', possible loss of data
  (compiling source file 'src/utils/Interfaces.cpp')
  
C:\Users\andyj\source\repos\Experimental-CSGO-cheat\src\SDK\Vector.h(126,54): warning C4244: 'argument': conversion from 'double' to 'float', possible loss of data
  (compiling source file 'src/utils/Interfaces.cpp')
  
C:\Users\andyj\source\repos\Experimental-CSGO-cheat\src\SDK\Vector.h(126,17): warning C4244: 'argument': conversion from 'double' to 'float', possible loss of data
  (compiling source file 'src/utils/Interfaces.cpp')
  
C:\Users\andyj\source\repos\Experimental-CSGO-cheat\src\utils\Utils.h(32,28): warning C4311: 'type cast': pointer truncation from 'HMODULE' to 'DWORD'
  (compiling source file 'src/utils/Interfaces.cpp')
  
C:\Users\andyj\source\repos\Experimental-CSGO-cheat\src\utils\Utils.h(32,28): warning C4302: 'type cast': truncation from 'HMODULE' to 'DWORD'
  (compiling source file 'src/utils/Interfaces.cpp')
  
C:\Users\andyj\source\repos\Experimental-CSGO-cheat\src\utils\Utils.h(34,51): warning C4312: 'type cast': conversion from 'DWORD' to 'HMODULE' of greater size
  (compiling source file 'src/utils/Interfaces.cpp')
  
C:\Users\andyj\source\repos\Experimental-CSGO-cheat\src\utils\Utils.h(41,41): warning C4312: 'type cast': conversion from 'DWORD' to 'BYTE *' of greater size
  (compiling source file 'src/utils/Interfaces.cpp')
  
C:\Users\andyj\source\repos\Experimental-CSGO-cheat\src\utils\Utils.h(67,39): warning C4311: 'reinterpret_cast': pointer truncation from 'HMODULE' to 'unsigned int'
  (compiling source file 'src/utils/Interfaces.cpp')
  
C:\Users\andyj\source\repos\Experimental-CSGO-cheat\src\utils\Utils.h(67,39): warning C4302: 'reinterpret_cast': truncation from 'HMODULE' to 'unsigned int'
  (compiling source file 'src/utils/Interfaces.cpp')
  
C:\Users\andyj\source\repos\Experimental-CSGO-cheat\src\utils\Utils.h(71,45): warning C4312: 'reinterpret_cast': conversion from 'const unsigned int' to 'HMODULE' of greater size
  (compiling source file 'src/utils/Interfaces.cpp')
  
C:\Users\andyj\source\repos\Experimental-CSGO-cheat\src\utils\Utils.h(86,22): warning C4312: 'reinterpret_cast': conversion from 'unsigned int' to 'unsigned char *' of greater size
  (compiling source file 'src/utils/Interfaces.cpp')
  
C:\Users\andyj\source\repos\Experimental-CSGO-cheat\src\SDK\CEntity.h(356,26): warning C4311: 'type cast': pointer truncation from 'C_BaseEntity *' to 'DWORD'
  (compiling source file 'src/utils/Interfaces.cpp')
  
C:\Users\andyj\source\repos\Experimental-CSGO-cheat\src\SDK\CEntity.h(356,26): warning C4302: 'type cast': truncation from 'C_BaseEntity *' to 'DWORD'
  (compiling source file 'src/utils/Interfaces.cpp')
  
C:\Users\andyj\source\repos\Experimental-CSGO-cheat\src\SDK\CEntity.h(356,10): warning C4312: 'type cast': conversion from 'DWORD' to 'ICollideable *' of greater size
  (compiling source file 'src/utils/Interfaces.cpp')
  
C:\Users\andyj\source\repos\Experimental-CSGO-cheat\src\SDK\CEntity.h(441,35): warning C4312: 'type cast': conversion from 'DWORD' to 'OriginalFn' of greater size
  (compiling source file 'src/utils/Interfaces.cpp')
  
C:\Users\andyj\source\repos\Experimental-CSGO-cheat\src\SDK\ISurface.h(254,35): warning C4267: 'argument': conversion from 'size_t' to 'int', possible loss of data
  (compiling source file 'src/utils/Interfaces.cpp')
  
C:\Users\andyj\source\repos\Experimental-CSGO-cheat\src\utils\Utils.h(19,54): error C3520: 'argList': parameter pack must be expanded in this context
  (compiling source file 'src/utils/Interfaces.cpp')
  C:\Users\andyj\source\repos\Experimental-CSGO-cheat\src\utils\Utils.h(19,54):
  the template instantiation context (the oldest one first) is
  	C:\Users\andyj\source\repos\Experimental-CSGO-cheat\src\SDK\CPrediction.h(16,23):
  	see reference to function template instantiation 'TRet Utils::CallVFunc<1,void,C_BaseEntity*>(void *,C_BaseEntity *)' being compiled
          with
          [
              TRet=void
          ]
  
  Math.cpp
C:\Users\andyj\source\repos\Experimental-CSGO-cheat\src\SDK\Vector.h(124,11): warning C4244: '=': conversion from 'double' to 'float', possible loss of data
  (compiling source file 'src/utils/Math.cpp')
  
C:\Users\andyj\source\repos\Experimental-CSGO-cheat\src\SDK\Vector.h(126,54): warning C4244: 'argument': conversion from 'double' to 'float', possible loss of data
  (compiling source file 'src/utils/Math.cpp')
  
C:\Users\andyj\source\repos\Experimental-CSGO-cheat\src\SDK\Vector.h(126,17): warning C4244: 'argument': conversion from 'double' to 'float', possible loss of data
  (compiling source file 'src/utils/Math.cpp')
  
C:\Users\andyj\source\repos\Experimental-CSGO-cheat\src\utils\Math.cpp(57,52): warning C4244: '=': conversion from 'double' to 'float', possible loss of data
C:\Users\andyj\source\repos\Experimental-CSGO-cheat\src\utils\Math.cpp(58,49): warning C4244: '=': conversion from 'double' to 'float', possible loss of data
C:\Users\andyj\source\repos\Experimental-CSGO-cheat\src\utils\Math.cpp(61,40): warning C4244: '=': conversion from 'double' to 'float', possible loss of data
C:\Users\andyj\source\repos\Experimental-CSGO-cheat\src\utils\Math.cpp(64,52): warning C4244: '=': conversion from 'double' to 'float', possible loss of data
C:\Users\andyj\source\repos\Experimental-CSGO-cheat\src\utils\Math.cpp(65,44): warning C4244: '=': conversion from 'double' to 'float', possible loss of data
C:\Users\andyj\source\repos\Experimental-CSGO-cheat\src\utils\Math.cpp(224,22): warning C4244: 'return': conversion from 'double' to 'float', possible loss of data
  NetvarManager.cpp
  Generating Code...
